[Info]
0000[0].JPG=80699|1054477240|0
0001.JPG=78427|1054477246|2023
0002.JPG=56326|1054526094|3999
0000[1].JPG=80699|1054477240|5539
desayuno de tamales.JPG=73945|1054079866|7562
funes.JPG=76177|1054079870|9513
0000.JPG=53811|1054307826|11385
0001[0].JPG=78427|1054477246|12995
0001[1].JPG=46131|1054526094|14971
camacho en lab.JPG=73076|1054143392|16238
0003.JPG=54398|1054526096|18130
vini.JPG=56501|1053902370|19597
pablo.JPG=73565|1054159038|21441
pablo en lab.JPG=62530|1054143398|23205
0000[2].JPG=20992|1054589740|24923
pablo programando.JPG=66879|1054158132|26633
que interesante.JPG=69744|1054158520|28478
mesa voladora 1.JPG=72983|1054158506|30102
0006.JPG=26112|1054589778|31609
pablo rediseñando.JPG=68947|1054158134|33549
allan en lab.JPG=62537|1054143406|35502
0010.JPG=23552|1054589780|37211
0017.JPG=56758|1054589790|39023
Image001.jpg=15365|1054692470|40588
Image002.jpg=250509|1054958424|41570
0000[3].JPG=38423|1054958434|43132
reflexion por la mañana.JPG=70504|1054143394|44450
0001[2].JPG=9894|1054958436|46369
allan programando.JPG=77875|1054159378|47150
tamales ricos.JPG=90266|1054079868|48986
0002[0].JPG=10350|1054958438|51170
despachador.JPG=79604|1053902368|51952
0003[0].JPG=5459|1054958440|53915
0004.JPG=63150|1054958442|54610
0005.JPG=48399|1054958444|56456
fuerza bruta camacho.JPG=61411|1053902372|57927
articulacion 1.JPG=21504|1053908718|59682
lab de internet.JPG=82752|1054143400|61365
0006[0].JPG=65592|1054958448|63440
montando brazo.JPG=67065|1054159038|65229
allan rediseñando.JPG=65451|1054158508|67112
0001[3].JPG=53804|1054958802|68980
lucero.JPG=40388|1054958868|70624
allan.JPG=51070|1054958804|72004
0000[4].JPG=27648|1054998734|73590
