[Info]
0000.AVI=2220032|1054222760|0
0001.AVI=510464|1054307120|1674
siguen intentando.AVI=2872832|1053906560|3066
area limpia.AVI=3800064|1053902414|4751
0002.AVI=1733632|1054307130|6395
armando articulacion 1.AVI=1626624|1053906524|8060
intento de articulacion.AVI=1954816|1053906536|9876
0000[0].AVI=2247680|1054307118|11554
0003.AVI=1715200|1054307140|13007
0004.AVI=1588224|1054307148|14489
0005.AVI=205312|1054307152|15906
0016.AVI=874496|1054589788|17521
calibrando taladro.AVI=364032|1053905054|19069
desayuno tamales.AVI=1632256|1054079844|20789
simulacion mesa voladora.AVI=3593216|1054158120|22717
pegando articulacion.AVI=6568448|1053907850|24267
martillando.AVI=2424832|1053908708|25598
limpiando taladro.AVI=441344|1053905058|27211
mordida de tamal.AVI=3759616|1054079864|28820
doctorado en carpinteria.AVI=1925120|1053908718|30410
siguen con el martillo.AVI=3637760|1053908738|31838
perforacion de pelota.AVI=1769472|1053905068|33265
ing puliendo.AVI=3888128|1053902394|35063
0001[0].AVI=1136640|1054307832|36700
0002[0].AVI=6219776|1054477306|37953
robot0001.AVI=1746944|1053909344|39673
robot0002.AVI=796672|1053909348|41022
0003[0].AVI=1570304|1054477328|42333
pelotita cont.AVI=940032|1053905072|43778
checando funcionamiento.AVI=2908160|1054159054|45258
desperdiciando pegamento.AVI=1547264|1053906574|46784
allan en computadora.AVI=1905152|1054159392|48411
pelota caliente.AVI=1788416|1053905098|50004
0002[1].AVI=6219776|1054477306|51412
0003[1].AVI=1570304|1054477328|53132
Video001.avi=34189312|1054489740|54577
0000[1].AVI=2911744|1054490006|56190
0001[1].AVI=3693056|1054490026|57812
0000[2].AVI=2487296|1054491560|59548
0001[2].AVI=2610688|1054491574|60978
0002[2].AVI=2908672|1054491590|62668
0000[3].AVI=3927552|1054491898|64180
0001[3].AVI=1204736|1054491904|65749
0000[4].AVI=2903040|1054492204|66740
0001[4].AVI=4691968|1054492230|68455
Video002.avi=107005440|1054492464|70207
0000[5].AVI=2125824|1054493994|71783
Video003.avi=284967424|1054494610|73340
0000[6].AVI=5113344|1054496910|74791
0001[5].AVI=2889728|1054496926|76527
0000[7].AVI=6138880|1054501800|78043
0001[6].AVI=1875456|1054501810|79838
0000[8].AVI=1950720|1054501902|81654
0000[9].AVI=4076544|1054502254|83100
Video004.avi=187738624|1054504180|84421
0000[10].AVI=1914368|1054509788|85800
0000[11].AVI=3099136|1054511674|87263
0000[12].AVI=3099136|1054511674|88511
0000[13].AVI=1009152|1054512074|89759
0000[14].AVI=2396160|1054526090|91113
0004[0].AVI=1798656|1054526106|92747
0005[0].AVI=614912|1054526110|93924
0001[7].AVI=1875456|1054589750|95527
0002[3].AVI=544768|1054589754|97029
0003[2].AVI=1627648|1054589762|98459
0004[1].AVI=1764864|1054589772|99928
0005[1].AVI=1008640|1054589778|101560
0000[15].AVI=1670144|1054592020|103250
0001[8].AVI=1178624|1054592028|104707
0002[4].AVI=2738688|1054592044|106147
0000[16].AVI=1670144|1054592020|107652
0001[9].AVI=1178624|1054592028|109109
0002[5].AVI=2738688|1054592044|110549
0003[3].AVI=2413056|1054595612|112054
0000[17].AVI=2307584|1054595708|113336
0000[18].AVI=2574848|1054692492|114818
0001[10].AVI=3132928|1054692510|116364
0002[6].AVI=2244096|1054754904|118178
0000[19].AVI=2866688|1054755506|119874
0001[11].AVI=1455104|1054755514|121090
0002[7].AVI=2084864|1054755526|122562
0000[20].AVI=2651648|1054761004|124150
0001[12].AVI=1102848|1054761010|125592
0001[13].AVI=5096448|1054765044|127179
0002[8].AVI=1354240|1054765052|128801
0003[4].AVI=908800|1054765058|130258
0000[21].AVI=2930176|1054775866|131942
0001[14].AVI=2905088|1054775888|133392
0002[9].AVI=1153024|1054775896|134961
